<?xml version="1.0" encoding="UTF-8"?>
<!-- Generated by org.testng.reporters.JUnitReportReporter -->
<testsuite skipped="0" hostname="BLT017" name="com.cts.test.BMWTest" tests="1" failures="0" timestamp="12 Mar 2020 07:54:19 GMT" time="19.440" errors="0">
  <testcase name="dreamCar" time="19.440" classname="com.cts.test.BMWTest"/>
</testsuite> <!-- com.cts.test.BMWTest -->
